7/28/2016 8:54:48 AM, Info: Initializing SIMPLSharp Services...
7/28/2016 8:54:48 AM, Info: ProjectInfo successfully initialized.
7/28/2016 8:59:45 AM, Info: Saving project information...
7/28/2016 8:59:45 AM, Info: Saving project information...
7/28/2016 8:59:45 AM, Info: Saving project information...
7/28/2016 9:04:45 AM, Info: Saving project information...
7/28/2016 9:04:45 AM, Info: Saving project information...
7/28/2016 9:04:45 AM, Info: Saving project information...
7/28/2016 9:09:45 AM, Info: Saving project information...
7/28/2016 9:09:45 AM, Info: Saving project information...
7/28/2016 9:09:45 AM, Info: Saving project information...
7/28/2016 9:14:45 AM, Info: Saving project information...
7/28/2016 9:14:45 AM, Info: Saving project information...
7/28/2016 9:14:45 AM, Info: Saving project information...
7/28/2016 9:19:45 AM, Info: Saving project information...
7/28/2016 9:19:45 AM, Info: Saving project information...
7/28/2016 9:19:45 AM, Info: Saving project information...
7/28/2016 9:24:45 AM, Info: Saving project information...
7/28/2016 9:24:45 AM, Info: Saving project information...
7/28/2016 9:24:45 AM, Info: Saving project information...
7/28/2016 9:29:45 AM, Info: Saving project information...
7/28/2016 9:29:45 AM, Info: Saving project information...
7/28/2016 9:29:45 AM, Info: Saving project information...
7/28/2016 9:34:45 AM, Info: Saving project information...
7/28/2016 9:34:45 AM, Info: Saving project information...
7/28/2016 9:34:45 AM, Info: Saving project information...
7/28/2016 9:39:45 AM, Info: Saving project information...
7/28/2016 9:39:45 AM, Info: Saving project information...
7/28/2016 9:39:45 AM, Info: Saving project information...
7/28/2016 9:44:45 AM, Info: Saving project information...
7/28/2016 9:44:45 AM, Info: Saving project information...
7/28/2016 9:44:45 AM, Info: Saving project information...
7/28/2016 9:49:45 AM, Info: Saving project information...
7/28/2016 9:49:45 AM, Info: Saving project information...
7/28/2016 9:49:45 AM, Info: Saving project information...
7/28/2016 9:54:45 AM, Info: Saving project information...
7/28/2016 9:54:45 AM, Info: Saving project information...
7/28/2016 9:54:45 AM, Info: Saving project information...
7/28/2016 9:59:45 AM, Info: Saving project information...
7/28/2016 9:59:45 AM, Info: Saving project information...
7/28/2016 9:59:45 AM, Info: Saving project information...
7/28/2016 10:04:45 AM, Info: Saving project information...
7/28/2016 10:04:45 AM, Info: Saving project information...
7/28/2016 10:04:45 AM, Info: Saving project information...
7/28/2016 10:09:45 AM, Info: Saving project information...
7/28/2016 10:09:45 AM, Info: Saving project information...
7/28/2016 10:09:45 AM, Info: Saving project information...
7/28/2016 10:14:45 AM, Info: Saving project information...
7/28/2016 10:14:45 AM, Info: Saving project information...
7/28/2016 10:14:45 AM, Info: Saving project information...
7/28/2016 10:19:45 AM, Info: Saving project information...
7/28/2016 10:19:45 AM, Info: Saving project information...
7/28/2016 10:19:45 AM, Info: Saving project information...
7/28/2016 10:24:45 AM, Info: Saving project information...
7/28/2016 10:24:45 AM, Info: Saving project information...
7/28/2016 10:24:45 AM, Info: Saving project information...
7/28/2016 10:29:45 AM, Info: Saving project information...
7/28/2016 10:29:45 AM, Info: Saving project information...
7/28/2016 10:29:45 AM, Info: Saving project information...
7/28/2016 10:34:45 AM, Info: Saving project information...
7/28/2016 10:34:45 AM, Info: Saving project information...
7/28/2016 10:34:45 AM, Info: Saving project information...
7/28/2016 10:39:45 AM, Info: Saving project information...
7/28/2016 10:39:45 AM, Info: Saving project information...
7/28/2016 10:39:45 AM, Info: Saving project information...
7/28/2016 10:44:45 AM, Info: Saving project information...
7/28/2016 10:44:45 AM, Info: Saving project information...
7/28/2016 10:44:45 AM, Info: Saving project information...
7/28/2016 10:49:45 AM, Info: Saving project information...
7/28/2016 10:49:45 AM, Info: Saving project information...
7/28/2016 10:49:45 AM, Info: Saving project information...
7/28/2016 10:54:45 AM, Info: Saving project information...
7/28/2016 10:54:45 AM, Info: Saving project information...
7/28/2016 10:54:45 AM, Info: Saving project information...
7/28/2016 10:59:45 AM, Info: Saving project information...
7/28/2016 10:59:45 AM, Info: Saving project information...
7/28/2016 10:59:45 AM, Info: Saving project information...
7/28/2016 11:04:45 AM, Info: Saving project information...
7/28/2016 11:04:45 AM, Info: Saving project information...
7/28/2016 11:04:45 AM, Info: Saving project information...
7/28/2016 11:09:45 AM, Info: Saving project information...
7/28/2016 11:09:45 AM, Info: Saving project information...
7/28/2016 11:09:45 AM, Info: Saving project information...
7/28/2016 11:14:45 AM, Info: Saving project information...
7/28/2016 11:14:45 AM, Info: Saving project information...
7/28/2016 11:14:45 AM, Info: Saving project information...
7/28/2016 11:19:45 AM, Info: Saving project information...
7/28/2016 11:19:45 AM, Info: Saving project information...
7/28/2016 11:19:45 AM, Info: Saving project information...
7/28/2016 11:24:45 AM, Info: Saving project information...
7/28/2016 11:24:45 AM, Info: Saving project information...
7/28/2016 11:24:45 AM, Info: Saving project information...
7/28/2016 11:29:45 AM, Info: Saving project information...
7/28/2016 11:29:45 AM, Info: Saving project information...
7/28/2016 11:29:45 AM, Info: Saving project information...
7/28/2016 11:34:45 AM, Info: Saving project information...
7/28/2016 11:34:45 AM, Info: Saving project information...
7/28/2016 11:34:45 AM, Info: Saving project information...
7/28/2016 11:39:45 AM, Info: Saving project information...
7/28/2016 11:39:45 AM, Info: Saving project information...
7/28/2016 11:39:45 AM, Info: Saving project information...
7/28/2016 11:44:45 AM, Info: Saving project information...
7/28/2016 11:44:45 AM, Info: Saving project information...
7/28/2016 11:44:45 AM, Info: Saving project information...
7/28/2016 11:49:45 AM, Info: Saving project information...
7/28/2016 11:49:45 AM, Info: Saving project information...
7/28/2016 11:49:45 AM, Info: Saving project information...
7/28/2016 11:54:45 AM, Info: Saving project information...
7/28/2016 11:54:45 AM, Info: Saving project information...
7/28/2016 11:54:45 AM, Info: Saving project information...
7/28/2016 11:59:45 AM, Info: Saving project information...
7/28/2016 11:59:45 AM, Info: Saving project information...
7/28/2016 11:59:45 AM, Info: Saving project information...
7/28/2016 12:04:45 PM, Info: Saving project information...
7/28/2016 12:04:45 PM, Info: Saving project information...
7/28/2016 12:04:45 PM, Info: Saving project information...
7/28/2016 12:09:45 PM, Info: Saving project information...
7/28/2016 12:09:45 PM, Info: Saving project information...
7/28/2016 12:09:45 PM, Info: Saving project information...
7/28/2016 12:14:45 PM, Info: Saving project information...
7/28/2016 12:14:45 PM, Info: Saving project information...
7/28/2016 12:14:45 PM, Info: Saving project information...
7/28/2016 12:19:45 PM, Info: Saving project information...
7/28/2016 12:19:45 PM, Info: Saving project information...
7/28/2016 12:19:45 PM, Info: Saving project information...
7/28/2016 12:24:45 PM, Info: Saving project information...
7/28/2016 12:24:45 PM, Info: Saving project information...
7/28/2016 12:24:45 PM, Info: Saving project information...
7/28/2016 12:29:45 PM, Info: Saving project information...
7/28/2016 12:29:45 PM, Info: Saving project information...
7/28/2016 12:29:45 PM, Info: Saving project information...
7/28/2016 12:30:27 PM, Info: Terminating SIMPLSharp Services
