7/28/2016 2:42:54 PM, Info: Initializing SIMPLSharp Services...
7/28/2016 2:42:54 PM, Info: ProjectInfo successfully initialized.
7/28/2016 2:45:30 PM, Info: Saving project information...
7/28/2016 2:45:30 PM, Info: Saving project information...
7/28/2016 2:45:30 PM, Info: Saving project information...
7/28/2016 2:50:30 PM, Info: Saving project information...
7/28/2016 2:50:30 PM, Info: Saving project information...
7/28/2016 2:50:30 PM, Info: Saving project information...
7/28/2016 2:55:30 PM, Info: Saving project information...
7/28/2016 2:55:30 PM, Info: Saving project information...
7/28/2016 2:55:30 PM, Info: Saving project information...
7/28/2016 3:00:30 PM, Info: Saving project information...
7/28/2016 3:00:30 PM, Info: Saving project information...
7/28/2016 3:00:30 PM, Info: Saving project information...
7/28/2016 3:05:30 PM, Info: Saving project information...
7/28/2016 3:05:30 PM, Info: Saving project information...
7/28/2016 3:05:30 PM, Info: Saving project information...
7/28/2016 3:10:30 PM, Info: Saving project information...
7/28/2016 3:10:30 PM, Info: Saving project information...
7/28/2016 3:10:30 PM, Info: Saving project information...
7/28/2016 3:15:30 PM, Info: Saving project information...
7/28/2016 3:15:30 PM, Info: Saving project information...
7/28/2016 3:15:30 PM, Info: Saving project information...
7/28/2016 3:20:30 PM, Info: Saving project information...
7/28/2016 3:20:30 PM, Info: Saving project information...
7/28/2016 3:20:30 PM, Info: Saving project information...
7/28/2016 3:25:30 PM, Info: Saving project information...
7/28/2016 3:25:31 PM, Info: Saving project information...
7/28/2016 3:25:31 PM, Info: Saving project information...
7/28/2016 3:30:31 PM, Info: Saving project information...
7/28/2016 3:30:31 PM, Info: Saving project information...
7/28/2016 3:30:31 PM, Info: Saving project information...
7/28/2016 3:35:31 PM, Info: Saving project information...
7/28/2016 3:35:31 PM, Info: Saving project information...
7/28/2016 3:35:31 PM, Info: Saving project information...
7/28/2016 3:40:31 PM, Info: Saving project information...
7/28/2016 3:40:31 PM, Info: Saving project information...
7/28/2016 3:40:31 PM, Info: Saving project information...
7/28/2016 3:45:31 PM, Info: Saving project information...
7/28/2016 3:45:31 PM, Info: Saving project information...
7/28/2016 3:45:31 PM, Info: Saving project information...
7/28/2016 3:50:31 PM, Info: Saving project information...
7/28/2016 3:50:31 PM, Info: Saving project information...
7/28/2016 3:50:31 PM, Info: Saving project information...
7/28/2016 3:51:08 PM, Info: Saving project information...
7/28/2016 3:51:08 PM, Info: Saving project information...
7/28/2016 3:51:08 PM, Info: Saving project information...
7/28/2016 3:51:08 PM, Info: Saving project information...
7/28/2016 3:51:08 PM, Info: Saving project information...
7/28/2016 3:51:08 PM, Info: Saving project information...
7/28/2016 3:51:09 PM, Info: Validating assembly C:\Training_Classes\S#\S#March022016\Day3\E8_ReflectionLib1\ReflectionLib1\bin\ReflectionLib1.dll...
7/28/2016 3:51:09 PM, Info: Verifying assembly C:\Training_Classes\S#\S#March022016\Day3\E8_ReflectionLib1\ReflectionLib1\bin\ReflectionLib1.dll
7/28/2016 3:51:09 PM, Info: Creating Archive C:\Training_Classes\S#\S#March022016\Day3\E8_ReflectionLib1\ReflectionLib1\bin\ReflectionLib1.cplz...
7/28/2016 3:51:10 PM, Info: Saving project information...
7/29/2016 9:26:15 AM, Info: Terminating SIMPLSharp Services
