02/08/2016 05:32:50, Info: Initializing SIMPLSharp Services...
02/08/2016 05:32:50, Info: ProjectInfo successfully initialized.
02/08/2016 05:32:51, Info: Saving project information...
02/08/2016 05:32:51, Info: Saving project information...
02/08/2016 05:32:51, Info: Saving project information...
02/08/2016 05:32:51, Info: Saving project information...
02/08/2016 05:32:51, Info: Saving project information...
02/08/2016 05:32:51, Info: Saving project information...
02/08/2016 05:46:58, Info: Saving project information...
02/08/2016 05:46:58, Info: Saving project information...
02/08/2016 05:46:58, Info: Saving project information...
02/08/2016 05:51:58, Info: Saving project information...
02/08/2016 05:51:58, Info: Saving project information...
02/08/2016 05:51:58, Info: Saving project information...
02/08/2016 05:56:58, Info: Saving project information...
02/08/2016 05:56:58, Info: Saving project information...
02/08/2016 05:56:58, Info: Saving project information...
02/08/2016 05:57:38, Info: Saving project information...
02/08/2016 05:57:38, Info: Saving project information...
02/08/2016 05:57:38, Info: Saving project information...
02/08/2016 05:57:38, Info: Saving project information...
02/08/2016 05:57:38, Info: Saving project information...
02/08/2016 05:57:38, Info: Saving project information...
02/08/2016 05:57:39, Info: Validating assembly C:\Users\MBackler\BitTorrent Sync\Sync\Training Classes\SimplSharpCertification\Example Code\SimplSharpDay3_Json\SimplSharpDay3_Json\bin\Debug\SimplSharpDay3_Json.dll...
02/08/2016 05:57:39, Info: Verifying assembly C:\Users\MBackler\BitTorrent Sync\Sync\Training Classes\SimplSharpCertification\Example Code\SimplSharpDay3_Json\SimplSharpDay3_Json\bin\Debug\SimplSharpDay3_Json.dll
02/08/2016 05:57:39, Info: Creating Archive C:\Users\MBackler\BitTorrent Sync\Sync\Training Classes\SimplSharpCertification\Example Code\SimplSharpDay3_Json\SimplSharpDay3_Json\bin\Debug\SimplSharpDay3_Json.cpz...
02/08/2016 05:57:40, Info: Saving project information...
02/08/2016 06:18:13, Info: Validating assembly C:\Users\MBackler\BitTorrent Sync\Sync\Training Classes\SimplSharpCertification\Example Code\SimplSharpDay3_Json\SimplSharpDay3_Json\bin\Debug\SimplSharpDay3_Json.dll...
02/08/2016 06:18:13, Info: Verifying assembly C:\Users\MBackler\BitTorrent Sync\Sync\Training Classes\SimplSharpCertification\Example Code\SimplSharpDay3_Json\SimplSharpDay3_Json\bin\Debug\SimplSharpDay3_Json.dll
02/08/2016 06:18:13, Info: Creating Archive C:\Users\MBackler\BitTorrent Sync\Sync\Training Classes\SimplSharpCertification\Example Code\SimplSharpDay3_Json\SimplSharpDay3_Json\bin\Debug\SimplSharpDay3_Json.cpz...
02/08/2016 06:18:13, Info: Saving project information...
02/08/2016 06:18:28, Info: Validating assembly C:\Users\MBackler\BitTorrent Sync\Sync\Training Classes\SimplSharpCertification\Example Code\SimplSharpDay3_Json\SimplSharpDay3_Json\bin\Debug\SimplSharpDay3_Json.dll...
02/08/2016 06:18:28, Info: Verifying assembly C:\Users\MBackler\BitTorrent Sync\Sync\Training Classes\SimplSharpCertification\Example Code\SimplSharpDay3_Json\SimplSharpDay3_Json\bin\Debug\SimplSharpDay3_Json.dll
02/08/2016 06:18:28, Info: Creating Archive C:\Users\MBackler\BitTorrent Sync\Sync\Training Classes\SimplSharpCertification\Example Code\SimplSharpDay3_Json\SimplSharpDay3_Json\bin\Debug\SimplSharpDay3_Json.cpz...
02/08/2016 06:18:28, Info: Saving project information...
02/08/2016 06:29:45, Info: Validating assembly C:\Users\MBackler\BitTorrent Sync\Sync\Training Classes\SimplSharpCertification\Example Code\SimplSharpDay3_Json\SimplSharpDay3_Json\bin\Debug\SimplSharpDay3_Json.dll...
02/08/2016 06:29:45, Info: Verifying assembly C:\Users\MBackler\BitTorrent Sync\Sync\Training Classes\SimplSharpCertification\Example Code\SimplSharpDay3_Json\SimplSharpDay3_Json\bin\Debug\SimplSharpDay3_Json.dll
02/08/2016 06:29:45, Info: Creating Archive C:\Users\MBackler\BitTorrent Sync\Sync\Training Classes\SimplSharpCertification\Example Code\SimplSharpDay3_Json\SimplSharpDay3_Json\bin\Debug\SimplSharpDay3_Json.cpz...
02/08/2016 06:29:45, Info: Saving project information...
02/08/2016 06:30:49, Info: Validating assembly C:\Users\MBackler\BitTorrent Sync\Sync\Training Classes\SimplSharpCertification\Example Code\SimplSharpDay3_Json\SimplSharpDay3_Json\bin\Debug\SimplSharpDay3_Json.dll...
02/08/2016 06:30:50, Info: Verifying assembly C:\Users\MBackler\BitTorrent Sync\Sync\Training Classes\SimplSharpCertification\Example Code\SimplSharpDay3_Json\SimplSharpDay3_Json\bin\Debug\SimplSharpDay3_Json.dll
02/08/2016 06:30:50, Info: Creating Archive C:\Users\MBackler\BitTorrent Sync\Sync\Training Classes\SimplSharpCertification\Example Code\SimplSharpDay3_Json\SimplSharpDay3_Json\bin\Debug\SimplSharpDay3_Json.cpz...
02/08/2016 06:30:50, Info: Saving project information...
02/08/2016 06:33:11, Info: Validating assembly C:\Users\MBackler\BitTorrent Sync\Sync\Training Classes\SimplSharpCertification\Example Code\SimplSharpDay3_Json\SimplSharpDay3_Json\bin\Debug\SimplSharpDay3_Json.dll...
02/08/2016 06:33:11, Info: Verifying assembly C:\Users\MBackler\BitTorrent Sync\Sync\Training Classes\SimplSharpCertification\Example Code\SimplSharpDay3_Json\SimplSharpDay3_Json\bin\Debug\SimplSharpDay3_Json.dll
02/08/2016 06:33:11, Info: Creating Archive C:\Users\MBackler\BitTorrent Sync\Sync\Training Classes\SimplSharpCertification\Example Code\SimplSharpDay3_Json\SimplSharpDay3_Json\bin\Debug\SimplSharpDay3_Json.cpz...
02/08/2016 06:33:11, Info: Saving project information...
02/08/2016 06:39:01, Info: Validating assembly C:\Users\MBackler\BitTorrent Sync\Sync\Training Classes\SimplSharpCertification\Example Code\SimplSharpDay3_Json\SimplSharpDay3_Json\bin\Debug\SimplSharpDay3_Json.dll...
02/08/2016 06:39:01, Info: Verifying assembly C:\Users\MBackler\BitTorrent Sync\Sync\Training Classes\SimplSharpCertification\Example Code\SimplSharpDay3_Json\SimplSharpDay3_Json\bin\Debug\SimplSharpDay3_Json.dll
02/08/2016 06:39:01, Info: Creating Archive C:\Users\MBackler\BitTorrent Sync\Sync\Training Classes\SimplSharpCertification\Example Code\SimplSharpDay3_Json\SimplSharpDay3_Json\bin\Debug\SimplSharpDay3_Json.cpz...
02/08/2016 06:39:01, Info: Saving project information...
02/08/2016 06:39:32, Info: Validating assembly C:\Users\MBackler\BitTorrent Sync\Sync\Training Classes\SimplSharpCertification\Example Code\SimplSharpDay3_Json\SimplSharpDay3_Json\bin\Debug\SimplSharpDay3_Json.dll...
02/08/2016 06:39:32, Info: Verifying assembly C:\Users\MBackler\BitTorrent Sync\Sync\Training Classes\SimplSharpCertification\Example Code\SimplSharpDay3_Json\SimplSharpDay3_Json\bin\Debug\SimplSharpDay3_Json.dll
02/08/2016 06:39:33, Info: Creating Archive C:\Users\MBackler\BitTorrent Sync\Sync\Training Classes\SimplSharpCertification\Example Code\SimplSharpDay3_Json\SimplSharpDay3_Json\bin\Debug\SimplSharpDay3_Json.cpz...
02/08/2016 06:39:33, Info: Saving project information...
02/08/2016 06:40:27, Info: Validating assembly C:\Users\MBackler\BitTorrent Sync\Sync\Training Classes\SimplSharpCertification\Example Code\SimplSharpDay3_Json\SimplSharpDay3_Json\bin\Debug\SimplSharpDay3_Json.dll...
02/08/2016 06:40:27, Info: Verifying assembly C:\Users\MBackler\BitTorrent Sync\Sync\Training Classes\SimplSharpCertification\Example Code\SimplSharpDay3_Json\SimplSharpDay3_Json\bin\Debug\SimplSharpDay3_Json.dll
02/08/2016 06:40:28, Info: Creating Archive C:\Users\MBackler\BitTorrent Sync\Sync\Training Classes\SimplSharpCertification\Example Code\SimplSharpDay3_Json\SimplSharpDay3_Json\bin\Debug\SimplSharpDay3_Json.cpz...
02/08/2016 06:40:28, Info: Saving project information...
02/08/2016 06:56:04, Info: Validating assembly C:\Users\MBackler\BitTorrent Sync\Sync\Training Classes\SimplSharpCertification\Example Code\SimplSharpDay3_Json\SimplSharpDay3_Json\bin\Debug\SimplSharpDay3_Json.dll...
02/08/2016 06:56:05, Info: Verifying assembly C:\Users\MBackler\BitTorrent Sync\Sync\Training Classes\SimplSharpCertification\Example Code\SimplSharpDay3_Json\SimplSharpDay3_Json\bin\Debug\SimplSharpDay3_Json.dll
02/08/2016 06:56:05, Info: Creating Archive C:\Users\MBackler\BitTorrent Sync\Sync\Training Classes\SimplSharpCertification\Example Code\SimplSharpDay3_Json\SimplSharpDay3_Json\bin\Debug\SimplSharpDay3_Json.cpz...
02/08/2016 06:56:05, Info: Saving project information...
02/08/2016 06:57:33, Info: Validating assembly C:\Users\MBackler\BitTorrent Sync\Sync\Training Classes\SimplSharpCertification\Example Code\SimplSharpDay3_Json\SimplSharpDay3_Json\bin\Debug\SimplSharpDay3_Json.dll...
02/08/2016 06:57:33, Info: Verifying assembly C:\Users\MBackler\BitTorrent Sync\Sync\Training Classes\SimplSharpCertification\Example Code\SimplSharpDay3_Json\SimplSharpDay3_Json\bin\Debug\SimplSharpDay3_Json.dll
02/08/2016 06:57:33, Info: Creating Archive C:\Users\MBackler\BitTorrent Sync\Sync\Training Classes\SimplSharpCertification\Example Code\SimplSharpDay3_Json\SimplSharpDay3_Json\bin\Debug\SimplSharpDay3_Json.cpz...
02/08/2016 06:57:33, Info: Saving project information...
02/08/2016 06:57:40, Info: Validating assembly C:\Users\MBackler\BitTorrent Sync\Sync\Training Classes\SimplSharpCertification\Example Code\SimplSharpDay3_Json\SimplSharpDay3_Json\bin\Debug\SimplSharpDay3_Json.dll...
02/08/2016 06:57:40, Info: Verifying assembly C:\Users\MBackler\BitTorrent Sync\Sync\Training Classes\SimplSharpCertification\Example Code\SimplSharpDay3_Json\SimplSharpDay3_Json\bin\Debug\SimplSharpDay3_Json.dll
02/08/2016 06:57:40, Info: Creating Archive C:\Users\MBackler\BitTorrent Sync\Sync\Training Classes\SimplSharpCertification\Example Code\SimplSharpDay3_Json\SimplSharpDay3_Json\bin\Debug\SimplSharpDay3_Json.cpz...
02/08/2016 06:57:40, Info: Saving project information...
02/08/2016 07:01:58, Info: Saving project information...
02/08/2016 07:01:58, Info: Saving project information...
02/08/2016 07:01:58, Info: Saving project information...
02/08/2016 07:06:58, Info: Saving project information...
02/08/2016 07:06:58, Info: Saving project information...
02/08/2016 07:06:58, Info: Saving project information...
02/08/2016 07:08:21, Info: Saving project information...
02/08/2016 07:08:21, Info: Saving project information...
02/08/2016 07:08:21, Info: Saving project information...
02/08/2016 07:08:21, Info: Saving project information...
02/08/2016 07:08:21, Info: Saving project information...
02/08/2016 07:08:21, Info: Saving project information...
02/08/2016 07:08:32, Info: Saving project information...
02/08/2016 07:08:32, Info: Saving project information...
02/08/2016 07:08:32, Info: Saving project information...
02/08/2016 07:08:32, Info: Saving project information...
02/08/2016 07:08:32, Info: Saving project information...
02/08/2016 07:08:32, Info: Saving project information...
02/08/2016 07:08:33, Info: Validating assembly C:\Users\MBackler\BitTorrent Sync\Sync\Training Classes\SimplSharpCertification\Example Code\SimplSharpDay3_Json\SimplSharpDay3_Json\bin\Debug\SimplSharpDay3_Json.dll...
02/08/2016 07:08:33, Info: Verifying assembly C:\Users\MBackler\BitTorrent Sync\Sync\Training Classes\SimplSharpCertification\Example Code\SimplSharpDay3_Json\SimplSharpDay3_Json\bin\Debug\SimplSharpDay3_Json.dll
02/08/2016 07:08:33, Info: Creating Archive C:\Users\MBackler\BitTorrent Sync\Sync\Training Classes\SimplSharpCertification\Example Code\SimplSharpDay3_Json\SimplSharpDay3_Json\bin\Debug\SimplSharpDay3_Json.cpz...
02/08/2016 07:08:34, Info: Saving project information...
02/08/2016 07:17:32, Info: Validating assembly C:\Users\MBackler\BitTorrent Sync\Sync\Training Classes\SimplSharpCertification\Example Code\SimplSharpDay3_Json\SimplSharpDay3_Json\bin\Debug\SimplSharpDay3_Json.dll...
02/08/2016 07:17:32, Info: Verifying assembly C:\Users\MBackler\BitTorrent Sync\Sync\Training Classes\SimplSharpCertification\Example Code\SimplSharpDay3_Json\SimplSharpDay3_Json\bin\Debug\SimplSharpDay3_Json.dll
02/08/2016 07:17:33, Info: Creating Archive C:\Users\MBackler\BitTorrent Sync\Sync\Training Classes\SimplSharpCertification\Example Code\SimplSharpDay3_Json\SimplSharpDay3_Json\bin\Debug\SimplSharpDay3_Json.cpz...
02/08/2016 07:17:33, Info: Saving project information...
02/08/2016 07:17:36, Info: Validating assembly C:\Users\MBackler\BitTorrent Sync\Sync\Training Classes\SimplSharpCertification\Example Code\SimplSharpDay3_Json\SimplSharpDay3_Json\bin\Debug\SimplSharpDay3_Json.dll...
02/08/2016 07:17:36, Info: Verifying assembly C:\Users\MBackler\BitTorrent Sync\Sync\Training Classes\SimplSharpCertification\Example Code\SimplSharpDay3_Json\SimplSharpDay3_Json\bin\Debug\SimplSharpDay3_Json.dll
02/08/2016 07:17:36, Info: Creating Archive C:\Users\MBackler\BitTorrent Sync\Sync\Training Classes\SimplSharpCertification\Example Code\SimplSharpDay3_Json\SimplSharpDay3_Json\bin\Debug\SimplSharpDay3_Json.cpz...
02/08/2016 07:17:37, Info: Saving project information...
02/08/2016 07:22:30, Info: Validating assembly C:\Users\MBackler\BitTorrent Sync\Sync\Training Classes\SimplSharpCertification\Example Code\SimplSharpDay3_Json\SimplSharpDay3_Json\bin\Debug\SimplSharpDay3_Json.dll...
02/08/2016 07:22:30, Info: Verifying assembly C:\Users\MBackler\BitTorrent Sync\Sync\Training Classes\SimplSharpCertification\Example Code\SimplSharpDay3_Json\SimplSharpDay3_Json\bin\Debug\SimplSharpDay3_Json.dll
02/08/2016 07:22:30, Info: Creating Archive C:\Users\MBackler\BitTorrent Sync\Sync\Training Classes\SimplSharpCertification\Example Code\SimplSharpDay3_Json\SimplSharpDay3_Json\bin\Debug\SimplSharpDay3_Json.cpz...
02/08/2016 07:22:30, Info: Saving project information...
02/08/2016 07:56:01, Info: Terminating SIMPLSharp Services
