01/08/2016 13:29:02, Info: Initializing SIMPLSharp Services...
01/08/2016 13:29:02, Info: ProjectInfo successfully initialized.
01/08/2016 13:30:35, Info: Validating assembly F:\Downloads\Simpl# Training\S#July262016\S#July262016\E6_BuiltInScheduler\BuiltInScheduler\bin\BuiltInScheduler.dll...
01/08/2016 13:30:35, Info: Verifying assembly F:\Downloads\Simpl# Training\S#July262016\S#July262016\E6_BuiltInScheduler\BuiltInScheduler\bin\BuiltInScheduler.dll
01/08/2016 13:30:35, Info: Creating Archive F:\Downloads\Simpl# Training\S#July262016\S#July262016\E6_BuiltInScheduler\BuiltInScheduler\bin\BuiltInScheduler.clz...
01/08/2016 13:30:36, Info: Saving project information...
01/08/2016 13:31:09, Info: Validating assembly F:\Downloads\Simpl# Training\S#July262016\S#July262016\E6_BuiltInScheduler\BuiltInScheduler\bin\BuiltInScheduler.dll...
01/08/2016 13:31:10, Info: Verifying assembly F:\Downloads\Simpl# Training\S#July262016\S#July262016\E6_BuiltInScheduler\BuiltInScheduler\bin\BuiltInScheduler.dll
01/08/2016 13:31:10, Info: Creating Archive F:\Downloads\Simpl# Training\S#July262016\S#July262016\E6_BuiltInScheduler\BuiltInScheduler\bin\BuiltInScheduler.clz...
01/08/2016 13:31:10, Info: Saving project information...
01/08/2016 13:31:21, Info: Validating assembly F:\Downloads\Simpl# Training\S#July262016\S#July262016\E6_BuiltInScheduler\BuiltInScheduler\bin\BuiltInScheduler.dll...
01/08/2016 13:31:21, Info: Verifying assembly F:\Downloads\Simpl# Training\S#July262016\S#July262016\E6_BuiltInScheduler\BuiltInScheduler\bin\BuiltInScheduler.dll
01/08/2016 13:31:22, Info: Creating Archive F:\Downloads\Simpl# Training\S#July262016\S#July262016\E6_BuiltInScheduler\BuiltInScheduler\bin\BuiltInScheduler.clz...
01/08/2016 13:31:22, Info: Saving project information...
01/08/2016 13:31:28, Info: Validating assembly F:\Downloads\Simpl# Training\S#July262016\S#July262016\E6_BuiltInScheduler\BuiltInScheduler\bin\BuiltInScheduler.dll...
01/08/2016 13:31:28, Info: Verifying assembly F:\Downloads\Simpl# Training\S#July262016\S#July262016\E6_BuiltInScheduler\BuiltInScheduler\bin\BuiltInScheduler.dll
01/08/2016 13:31:29, Info: Creating Archive F:\Downloads\Simpl# Training\S#July262016\S#July262016\E6_BuiltInScheduler\BuiltInScheduler\bin\BuiltInScheduler.clz...
01/08/2016 13:31:29, Info: Saving project information...
01/08/2016 13:31:56, Info: Validating assembly F:\Downloads\Simpl# Training\S#July262016\S#July262016\E6_BuiltInScheduler\BuiltInScheduler\bin\BuiltInScheduler.dll...
01/08/2016 13:31:56, Info: Verifying assembly F:\Downloads\Simpl# Training\S#July262016\S#July262016\E6_BuiltInScheduler\BuiltInScheduler\bin\BuiltInScheduler.dll
01/08/2016 13:31:56, Info: Creating Archive F:\Downloads\Simpl# Training\S#July262016\S#July262016\E6_BuiltInScheduler\BuiltInScheduler\bin\BuiltInScheduler.clz...
01/08/2016 13:31:56, Info: Saving project information...
01/08/2016 13:33:07, Info: Terminating SIMPLSharp Services
