7/28/2016 2:42:54 PM, Info: Initializing SIMPLSharp Services...
7/28/2016 2:42:54 PM, Info: ProjectInfo successfully initialized.
7/28/2016 2:45:30 PM, Info: Saving project information...
7/28/2016 2:45:30 PM, Info: Saving project information...
7/28/2016 2:45:30 PM, Info: Saving project information...
7/28/2016 2:50:30 PM, Info: Saving project information...
7/28/2016 2:50:30 PM, Info: Saving project information...
7/28/2016 2:50:30 PM, Info: Saving project information...
7/28/2016 2:55:30 PM, Info: Saving project information...
7/28/2016 2:55:30 PM, Info: Saving project information...
7/28/2016 2:55:30 PM, Info: Saving project information...
7/28/2016 3:00:30 PM, Info: Saving project information...
7/28/2016 3:00:30 PM, Info: Saving project information...
7/28/2016 3:00:30 PM, Info: Saving project information...
7/28/2016 3:05:30 PM, Info: Saving project information...
7/28/2016 3:05:30 PM, Info: Saving project information...
7/28/2016 3:05:30 PM, Info: Saving project information...
7/28/2016 3:10:30 PM, Info: Saving project information...
7/28/2016 3:10:30 PM, Info: Saving project information...
7/28/2016 3:10:30 PM, Info: Saving project information...
7/28/2016 3:15:30 PM, Info: Saving project information...
7/28/2016 3:15:30 PM, Info: Saving project information...
7/28/2016 3:15:30 PM, Info: Saving project information...
7/28/2016 3:20:30 PM, Info: Saving project information...
7/28/2016 3:20:30 PM, Info: Saving project information...
7/28/2016 3:20:31 PM, Info: Saving project information...
7/28/2016 3:25:31 PM, Info: Saving project information...
7/28/2016 3:25:31 PM, Info: Saving project information...
7/28/2016 3:25:31 PM, Info: Saving project information...
7/28/2016 3:30:31 PM, Info: Saving project information...
7/28/2016 3:30:31 PM, Info: Saving project information...
7/28/2016 3:30:31 PM, Info: Saving project information...
7/28/2016 3:35:31 PM, Info: Saving project information...
7/28/2016 3:35:31 PM, Info: Saving project information...
7/28/2016 3:35:31 PM, Info: Saving project information...
7/28/2016 3:40:31 PM, Info: Saving project information...
7/28/2016 3:40:31 PM, Info: Saving project information...
7/28/2016 3:40:31 PM, Info: Saving project information...
7/28/2016 3:45:31 PM, Info: Saving project information...
7/28/2016 3:45:31 PM, Info: Saving project information...
7/28/2016 3:45:31 PM, Info: Saving project information...
7/28/2016 3:50:31 PM, Info: Saving project information...
7/28/2016 3:50:31 PM, Info: Saving project information...
7/28/2016 3:50:31 PM, Info: Saving project information...
7/28/2016 3:51:08 PM, Info: Saving project information...
7/28/2016 3:51:08 PM, Info: Saving project information...
7/28/2016 3:51:08 PM, Info: Saving project information...
7/28/2016 3:51:08 PM, Info: Saving project information...
7/28/2016 3:51:08 PM, Info: Saving project information...
7/28/2016 3:51:08 PM, Info: Saving project information...
7/28/2016 3:51:11 PM, Info: Validating assembly C:\Training_Classes\S#\S#March022016\Day3\E7_Reflection\Reflection\bin\Reflection.dll...
7/28/2016 3:51:11 PM, Info: Verifying assembly C:\Training_Classes\S#\S#March022016\Day3\E7_Reflection\Reflection\bin\Reflection.dll
7/28/2016 3:51:11 PM, Info: Creating Archive C:\Training_Classes\S#\S#March022016\Day3\E7_Reflection\Reflection\bin\Reflection.cpz...
7/28/2016 3:51:11 PM, Info: Saving project information...
7/28/2016 4:45:31 PM, Info: Saving project information...
7/28/2016 4:45:31 PM, Info: Saving project information...
7/28/2016 4:45:31 PM, Info: Saving project information...
7/28/2016 4:50:31 PM, Info: Saving project information...
7/28/2016 4:50:31 PM, Info: Saving project information...
7/28/2016 4:50:31 PM, Info: Saving project information...
7/28/2016 4:55:31 PM, Info: Saving project information...
7/28/2016 4:55:31 PM, Info: Saving project information...
7/28/2016 4:55:31 PM, Info: Saving project information...
7/28/2016 5:00:31 PM, Info: Saving project information...
7/28/2016 5:00:31 PM, Info: Saving project information...
7/28/2016 5:00:31 PM, Info: Saving project information...
7/28/2016 5:05:31 PM, Info: Saving project information...
7/28/2016 5:05:31 PM, Info: Saving project information...
7/28/2016 5:05:31 PM, Info: Saving project information...
7/28/2016 5:10:31 PM, Info: Saving project information...
7/28/2016 5:10:31 PM, Info: Saving project information...
7/28/2016 5:10:31 PM, Info: Saving project information...
7/28/2016 5:15:31 PM, Info: Saving project information...
7/28/2016 5:15:31 PM, Info: Saving project information...
7/28/2016 5:15:31 PM, Info: Saving project information...
7/28/2016 5:20:31 PM, Info: Saving project information...
7/28/2016 5:20:31 PM, Info: Saving project information...
7/28/2016 5:20:31 PM, Info: Saving project information...
7/28/2016 5:25:31 PM, Info: Saving project information...
7/28/2016 5:25:31 PM, Info: Saving project information...
7/28/2016 5:25:31 PM, Info: Saving project information...
7/28/2016 5:30:31 PM, Info: Saving project information...
7/28/2016 5:30:31 PM, Info: Saving project information...
7/28/2016 5:30:31 PM, Info: Saving project information...
7/28/2016 5:35:31 PM, Info: Saving project information...
7/28/2016 5:35:31 PM, Info: Saving project information...
7/28/2016 5:35:31 PM, Info: Saving project information...
7/28/2016 5:40:31 PM, Info: Saving project information...
7/28/2016 5:40:31 PM, Info: Saving project information...
7/28/2016 5:40:31 PM, Info: Saving project information...
7/28/2016 5:45:31 PM, Info: Saving project information...
7/28/2016 5:45:31 PM, Info: Saving project information...
7/28/2016 5:45:31 PM, Info: Saving project information...
7/28/2016 5:50:31 PM, Info: Saving project information...
7/28/2016 5:50:31 PM, Info: Saving project information...
7/28/2016 5:50:31 PM, Info: Saving project information...
7/28/2016 5:55:31 PM, Info: Saving project information...
7/28/2016 5:55:31 PM, Info: Saving project information...
7/28/2016 5:55:31 PM, Info: Saving project information...
7/28/2016 6:00:31 PM, Info: Saving project information...
7/28/2016 6:00:31 PM, Info: Saving project information...
7/28/2016 6:00:31 PM, Info: Saving project information...
7/28/2016 6:05:31 PM, Info: Saving project information...
7/28/2016 6:05:31 PM, Info: Saving project information...
7/28/2016 6:05:31 PM, Info: Saving project information...
7/28/2016 6:10:31 PM, Info: Saving project information...
7/28/2016 6:10:31 PM, Info: Saving project information...
7/28/2016 6:10:31 PM, Info: Saving project information...
7/28/2016 6:15:31 PM, Info: Saving project information...
7/28/2016 6:15:31 PM, Info: Saving project information...
7/28/2016 6:15:31 PM, Info: Saving project information...
7/28/2016 6:20:31 PM, Info: Saving project information...
7/28/2016 6:20:31 PM, Info: Saving project information...
7/28/2016 6:20:31 PM, Info: Saving project information...
7/28/2016 6:25:31 PM, Info: Saving project information...
7/28/2016 6:25:31 PM, Info: Saving project information...
7/28/2016 6:25:31 PM, Info: Saving project information...
7/28/2016 6:30:31 PM, Info: Saving project information...
7/28/2016 6:30:31 PM, Info: Saving project information...
7/28/2016 6:30:31 PM, Info: Saving project information...
7/28/2016 6:35:31 PM, Info: Saving project information...
7/28/2016 6:35:31 PM, Info: Saving project information...
7/28/2016 6:35:31 PM, Info: Saving project information...
7/28/2016 6:40:31 PM, Info: Saving project information...
7/28/2016 6:40:31 PM, Info: Saving project information...
7/28/2016 6:40:31 PM, Info: Saving project information...
7/28/2016 6:45:31 PM, Info: Saving project information...
7/28/2016 6:45:31 PM, Info: Saving project information...
7/28/2016 6:45:31 PM, Info: Saving project information...
7/28/2016 6:50:31 PM, Info: Saving project information...
7/28/2016 6:50:31 PM, Info: Saving project information...
7/28/2016 6:50:31 PM, Info: Saving project information...
7/28/2016 6:55:31 PM, Info: Saving project information...
7/28/2016 6:55:31 PM, Info: Saving project information...
7/28/2016 6:55:31 PM, Info: Saving project information...
7/28/2016 7:00:31 PM, Info: Saving project information...
7/28/2016 7:00:31 PM, Info: Saving project information...
7/28/2016 7:00:31 PM, Info: Saving project information...
7/28/2016 7:05:31 PM, Info: Saving project information...
7/28/2016 7:05:31 PM, Info: Saving project information...
7/28/2016 7:05:31 PM, Info: Saving project information...
7/28/2016 7:10:31 PM, Info: Saving project information...
7/28/2016 7:10:31 PM, Info: Saving project information...
7/28/2016 7:10:31 PM, Info: Saving project information...
7/28/2016 7:15:31 PM, Info: Saving project information...
7/28/2016 7:15:31 PM, Info: Saving project information...
7/28/2016 7:15:31 PM, Info: Saving project information...
7/28/2016 7:20:31 PM, Info: Saving project information...
7/28/2016 7:20:31 PM, Info: Saving project information...
7/28/2016 7:20:31 PM, Info: Saving project information...
7/28/2016 7:25:31 PM, Info: Saving project information...
7/28/2016 7:25:31 PM, Info: Saving project information...
7/28/2016 7:25:31 PM, Info: Saving project information...
7/28/2016 7:30:31 PM, Info: Saving project information...
7/28/2016 7:30:31 PM, Info: Saving project information...
7/28/2016 7:30:31 PM, Info: Saving project information...
7/28/2016 7:35:31 PM, Info: Saving project information...
7/28/2016 7:35:31 PM, Info: Saving project information...
7/28/2016 7:35:31 PM, Info: Saving project information...
7/28/2016 7:40:31 PM, Info: Saving project information...
7/28/2016 7:40:31 PM, Info: Saving project information...
7/28/2016 7:40:31 PM, Info: Saving project information...
7/28/2016 7:45:31 PM, Info: Saving project information...
7/28/2016 7:45:31 PM, Info: Saving project information...
7/28/2016 7:45:31 PM, Info: Saving project information...
7/28/2016 7:50:31 PM, Info: Saving project information...
7/28/2016 7:50:31 PM, Info: Saving project information...
7/28/2016 7:50:31 PM, Info: Saving project information...
7/28/2016 7:55:31 PM, Info: Saving project information...
7/28/2016 7:55:31 PM, Info: Saving project information...
7/28/2016 7:55:31 PM, Info: Saving project information...
7/28/2016 8:00:31 PM, Info: Saving project information...
7/28/2016 8:00:31 PM, Info: Saving project information...
7/28/2016 8:00:31 PM, Info: Saving project information...
7/28/2016 8:05:31 PM, Info: Saving project information...
7/28/2016 8:05:31 PM, Info: Saving project information...
7/28/2016 8:05:31 PM, Info: Saving project information...
7/28/2016 8:10:31 PM, Info: Saving project information...
7/28/2016 8:10:31 PM, Info: Saving project information...
7/28/2016 8:10:31 PM, Info: Saving project information...
7/28/2016 8:15:31 PM, Info: Saving project information...
7/28/2016 8:15:31 PM, Info: Saving project information...
7/28/2016 8:15:31 PM, Info: Saving project information...
7/28/2016 8:20:31 PM, Info: Saving project information...
7/28/2016 8:20:31 PM, Info: Saving project information...
7/28/2016 8:20:31 PM, Info: Saving project information...
7/28/2016 8:25:31 PM, Info: Saving project information...
7/28/2016 8:25:31 PM, Info: Saving project information...
7/28/2016 8:25:31 PM, Info: Saving project information...
7/28/2016 8:30:31 PM, Info: Saving project information...
7/28/2016 8:30:31 PM, Info: Saving project information...
7/28/2016 8:30:31 PM, Info: Saving project information...
7/28/2016 8:35:31 PM, Info: Saving project information...
7/28/2016 8:35:31 PM, Info: Saving project information...
7/28/2016 8:35:31 PM, Info: Saving project information...
7/28/2016 8:40:31 PM, Info: Saving project information...
7/28/2016 8:40:31 PM, Info: Saving project information...
7/28/2016 8:40:31 PM, Info: Saving project information...
7/28/2016 8:45:31 PM, Info: Saving project information...
7/28/2016 8:45:31 PM, Info: Saving project information...
7/28/2016 8:45:31 PM, Info: Saving project information...
7/28/2016 8:50:31 PM, Info: Saving project information...
7/28/2016 8:50:31 PM, Info: Saving project information...
7/28/2016 8:50:31 PM, Info: Saving project information...
7/28/2016 8:55:31 PM, Info: Saving project information...
7/28/2016 8:55:31 PM, Info: Saving project information...
7/28/2016 8:55:31 PM, Info: Saving project information...
7/28/2016 9:00:31 PM, Info: Saving project information...
7/28/2016 9:00:31 PM, Info: Saving project information...
7/28/2016 9:00:31 PM, Info: Saving project information...
7/28/2016 9:05:31 PM, Info: Saving project information...
7/28/2016 9:05:31 PM, Info: Saving project information...
7/28/2016 9:05:31 PM, Info: Saving project information...
7/28/2016 9:10:31 PM, Info: Saving project information...
7/28/2016 9:10:31 PM, Info: Saving project information...
7/28/2016 9:10:31 PM, Info: Saving project information...
7/28/2016 9:15:31 PM, Info: Saving project information...
7/28/2016 9:15:31 PM, Info: Saving project information...
7/28/2016 9:15:31 PM, Info: Saving project information...
7/28/2016 9:20:31 PM, Info: Saving project information...
7/28/2016 9:20:31 PM, Info: Saving project information...
7/28/2016 9:20:31 PM, Info: Saving project information...
7/28/2016 9:25:31 PM, Info: Saving project information...
7/28/2016 9:25:31 PM, Info: Saving project information...
7/28/2016 9:25:31 PM, Info: Saving project information...
7/28/2016 9:30:31 PM, Info: Saving project information...
7/28/2016 9:30:31 PM, Info: Saving project information...
7/28/2016 9:30:31 PM, Info: Saving project information...
7/28/2016 9:35:31 PM, Info: Saving project information...
7/28/2016 9:35:31 PM, Info: Saving project information...
7/28/2016 9:35:31 PM, Info: Saving project information...
7/28/2016 9:40:31 PM, Info: Saving project information...
7/28/2016 9:40:31 PM, Info: Saving project information...
7/28/2016 9:40:31 PM, Info: Saving project information...
7/28/2016 9:45:31 PM, Info: Saving project information...
7/28/2016 9:45:31 PM, Info: Saving project information...
7/28/2016 9:45:31 PM, Info: Saving project information...
7/28/2016 9:50:31 PM, Info: Saving project information...
7/28/2016 9:50:31 PM, Info: Saving project information...
7/28/2016 9:50:31 PM, Info: Saving project information...
7/28/2016 9:55:31 PM, Info: Saving project information...
7/28/2016 9:55:31 PM, Info: Saving project information...
7/28/2016 9:55:31 PM, Info: Saving project information...
7/28/2016 10:00:31 PM, Info: Saving project information...
7/28/2016 10:00:31 PM, Info: Saving project information...
7/28/2016 10:00:31 PM, Info: Saving project information...
7/28/2016 10:05:31 PM, Info: Saving project information...
7/28/2016 10:05:31 PM, Info: Saving project information...
7/28/2016 10:05:31 PM, Info: Saving project information...
7/28/2016 10:10:31 PM, Info: Saving project information...
7/28/2016 10:10:31 PM, Info: Saving project information...
7/28/2016 10:10:31 PM, Info: Saving project information...
7/28/2016 10:15:31 PM, Info: Saving project information...
7/28/2016 10:15:31 PM, Info: Saving project information...
7/28/2016 10:15:31 PM, Info: Saving project information...
7/28/2016 10:20:31 PM, Info: Saving project information...
7/28/2016 10:20:31 PM, Info: Saving project information...
7/28/2016 10:20:31 PM, Info: Saving project information...
7/28/2016 10:25:31 PM, Info: Saving project information...
7/28/2016 10:25:31 PM, Info: Saving project information...
7/28/2016 10:25:31 PM, Info: Saving project information...
7/28/2016 10:30:31 PM, Info: Saving project information...
7/28/2016 10:30:31 PM, Info: Saving project information...
7/28/2016 10:30:31 PM, Info: Saving project information...
7/28/2016 10:35:31 PM, Info: Saving project information...
7/28/2016 10:35:31 PM, Info: Saving project information...
7/28/2016 10:35:31 PM, Info: Saving project information...
7/28/2016 10:40:31 PM, Info: Saving project information...
7/28/2016 10:40:31 PM, Info: Saving project information...
7/28/2016 10:40:31 PM, Info: Saving project information...
7/28/2016 10:45:31 PM, Info: Saving project information...
7/28/2016 10:45:31 PM, Info: Saving project information...
7/28/2016 10:45:31 PM, Info: Saving project information...
7/28/2016 10:50:31 PM, Info: Saving project information...
7/28/2016 10:50:31 PM, Info: Saving project information...
7/28/2016 10:50:31 PM, Info: Saving project information...
7/28/2016 10:55:31 PM, Info: Saving project information...
7/28/2016 10:55:31 PM, Info: Saving project information...
7/28/2016 10:55:31 PM, Info: Saving project information...
7/28/2016 11:00:31 PM, Info: Saving project information...
7/28/2016 11:00:31 PM, Info: Saving project information...
7/28/2016 11:00:31 PM, Info: Saving project information...
7/28/2016 11:05:31 PM, Info: Saving project information...
7/28/2016 11:05:31 PM, Info: Saving project information...
7/28/2016 11:05:31 PM, Info: Saving project information...
7/28/2016 11:10:31 PM, Info: Saving project information...
7/28/2016 11:10:31 PM, Info: Saving project information...
7/28/2016 11:10:31 PM, Info: Saving project information...
7/28/2016 11:15:31 PM, Info: Saving project information...
7/28/2016 11:15:31 PM, Info: Saving project information...
7/28/2016 11:15:31 PM, Info: Saving project information...
7/28/2016 11:20:31 PM, Info: Saving project information...
7/28/2016 11:20:31 PM, Info: Saving project information...
7/28/2016 11:20:31 PM, Info: Saving project information...
7/28/2016 11:25:31 PM, Info: Saving project information...
7/28/2016 11:25:31 PM, Info: Saving project information...
7/28/2016 11:25:31 PM, Info: Saving project information...
7/28/2016 11:30:31 PM, Info: Saving project information...
7/28/2016 11:30:31 PM, Info: Saving project information...
7/28/2016 11:30:31 PM, Info: Saving project information...
7/28/2016 11:35:31 PM, Info: Saving project information...
7/28/2016 11:35:31 PM, Info: Saving project information...
7/28/2016 11:35:31 PM, Info: Saving project information...
7/28/2016 11:40:31 PM, Info: Saving project information...
7/28/2016 11:40:31 PM, Info: Saving project information...
7/28/2016 11:40:31 PM, Info: Saving project information...
7/28/2016 11:45:31 PM, Info: Saving project information...
7/28/2016 11:45:31 PM, Info: Saving project information...
7/28/2016 11:45:31 PM, Info: Saving project information...
7/28/2016 11:50:31 PM, Info: Saving project information...
7/28/2016 11:50:31 PM, Info: Saving project information...
7/28/2016 11:50:31 PM, Info: Saving project information...
7/28/2016 11:55:31 PM, Info: Saving project information...
7/28/2016 11:55:31 PM, Info: Saving project information...
7/28/2016 11:55:31 PM, Info: Saving project information...
7/29/2016 12:00:31 AM, Info: Saving project information...
7/29/2016 12:00:31 AM, Info: Saving project information...
7/29/2016 12:00:31 AM, Info: Saving project information...
7/29/2016 12:05:31 AM, Info: Saving project information...
7/29/2016 12:05:31 AM, Info: Saving project information...
7/29/2016 12:05:31 AM, Info: Saving project information...
7/29/2016 12:10:31 AM, Info: Saving project information...
7/29/2016 12:10:31 AM, Info: Saving project information...
7/29/2016 12:10:31 AM, Info: Saving project information...
7/29/2016 12:15:31 AM, Info: Saving project information...
7/29/2016 12:15:31 AM, Info: Saving project information...
7/29/2016 12:15:31 AM, Info: Saving project information...
7/29/2016 12:20:31 AM, Info: Saving project information...
7/29/2016 12:20:31 AM, Info: Saving project information...
7/29/2016 12:20:31 AM, Info: Saving project information...
7/29/2016 12:25:31 AM, Info: Saving project information...
7/29/2016 12:25:31 AM, Info: Saving project information...
7/29/2016 12:25:31 AM, Info: Saving project information...
7/29/2016 12:30:31 AM, Info: Saving project information...
7/29/2016 12:30:31 AM, Info: Saving project information...
7/29/2016 12:30:31 AM, Info: Saving project information...
7/29/2016 12:35:31 AM, Info: Saving project information...
7/29/2016 12:35:31 AM, Info: Saving project information...
7/29/2016 12:35:31 AM, Info: Saving project information...
7/29/2016 12:40:31 AM, Info: Saving project information...
7/29/2016 12:40:31 AM, Info: Saving project information...
7/29/2016 12:40:31 AM, Info: Saving project information...
7/29/2016 12:45:31 AM, Info: Saving project information...
7/29/2016 12:45:31 AM, Info: Saving project information...
7/29/2016 12:45:31 AM, Info: Saving project information...
7/29/2016 12:50:31 AM, Info: Saving project information...
7/29/2016 12:50:31 AM, Info: Saving project information...
7/29/2016 12:50:31 AM, Info: Saving project information...
7/29/2016 12:55:31 AM, Info: Saving project information...
7/29/2016 12:55:31 AM, Info: Saving project information...
7/29/2016 12:55:31 AM, Info: Saving project information...
7/29/2016 1:00:31 AM, Info: Saving project information...
7/29/2016 1:00:31 AM, Info: Saving project information...
7/29/2016 1:00:31 AM, Info: Saving project information...
7/29/2016 1:05:31 AM, Info: Saving project information...
7/29/2016 1:05:31 AM, Info: Saving project information...
7/29/2016 1:05:31 AM, Info: Saving project information...
7/29/2016 1:10:31 AM, Info: Saving project information...
7/29/2016 1:10:31 AM, Info: Saving project information...
7/29/2016 1:10:31 AM, Info: Saving project information...
7/29/2016 1:15:31 AM, Info: Saving project information...
7/29/2016 1:15:31 AM, Info: Saving project information...
7/29/2016 1:15:31 AM, Info: Saving project information...
7/29/2016 1:20:31 AM, Info: Saving project information...
7/29/2016 1:20:31 AM, Info: Saving project information...
7/29/2016 1:20:31 AM, Info: Saving project information...
7/29/2016 1:25:31 AM, Info: Saving project information...
7/29/2016 1:25:31 AM, Info: Saving project information...
7/29/2016 1:25:31 AM, Info: Saving project information...
7/29/2016 1:30:31 AM, Info: Saving project information...
7/29/2016 1:30:31 AM, Info: Saving project information...
7/29/2016 1:30:31 AM, Info: Saving project information...
7/29/2016 1:35:31 AM, Info: Saving project information...
7/29/2016 1:35:31 AM, Info: Saving project information...
7/29/2016 1:35:31 AM, Info: Saving project information...
7/29/2016 1:40:31 AM, Info: Saving project information...
7/29/2016 1:40:31 AM, Info: Saving project information...
7/29/2016 1:40:31 AM, Info: Saving project information...
7/29/2016 1:45:31 AM, Info: Saving project information...
7/29/2016 1:45:31 AM, Info: Saving project information...
7/29/2016 1:45:31 AM, Info: Saving project information...
7/29/2016 1:50:31 AM, Info: Saving project information...
7/29/2016 1:50:31 AM, Info: Saving project information...
7/29/2016 1:50:31 AM, Info: Saving project information...
7/29/2016 1:55:31 AM, Info: Saving project information...
7/29/2016 1:55:31 AM, Info: Saving project information...
7/29/2016 1:55:31 AM, Info: Saving project information...
7/29/2016 2:00:31 AM, Info: Saving project information...
7/29/2016 2:00:31 AM, Info: Saving project information...
7/29/2016 2:00:31 AM, Info: Saving project information...
7/29/2016 2:05:31 AM, Info: Saving project information...
7/29/2016 2:05:31 AM, Info: Saving project information...
7/29/2016 2:05:31 AM, Info: Saving project information...
7/29/2016 2:10:31 AM, Info: Saving project information...
7/29/2016 2:10:31 AM, Info: Saving project information...
7/29/2016 2:10:31 AM, Info: Saving project information...
7/29/2016 2:15:31 AM, Info: Saving project information...
7/29/2016 2:15:31 AM, Info: Saving project information...
7/29/2016 2:15:31 AM, Info: Saving project information...
7/29/2016 2:20:31 AM, Info: Saving project information...
7/29/2016 2:20:31 AM, Info: Saving project information...
7/29/2016 2:20:31 AM, Info: Saving project information...
7/29/2016 2:25:31 AM, Info: Saving project information...
7/29/2016 2:25:31 AM, Info: Saving project information...
7/29/2016 2:25:31 AM, Info: Saving project information...
7/29/2016 2:30:31 AM, Info: Saving project information...
7/29/2016 2:30:31 AM, Info: Saving project information...
7/29/2016 2:30:31 AM, Info: Saving project information...
7/29/2016 2:35:31 AM, Info: Saving project information...
7/29/2016 2:35:31 AM, Info: Saving project information...
7/29/2016 2:35:31 AM, Info: Saving project information...
7/29/2016 2:40:31 AM, Info: Saving project information...
7/29/2016 2:40:31 AM, Info: Saving project information...
7/29/2016 2:40:31 AM, Info: Saving project information...
7/29/2016 2:45:31 AM, Info: Saving project information...
7/29/2016 2:45:31 AM, Info: Saving project information...
7/29/2016 2:45:31 AM, Info: Saving project information...
7/29/2016 2:50:31 AM, Info: Saving project information...
7/29/2016 2:50:31 AM, Info: Saving project information...
7/29/2016 2:50:31 AM, Info: Saving project information...
7/29/2016 2:55:31 AM, Info: Saving project information...
7/29/2016 2:55:31 AM, Info: Saving project information...
7/29/2016 2:55:31 AM, Info: Saving project information...
7/29/2016 3:00:31 AM, Info: Saving project information...
7/29/2016 3:00:31 AM, Info: Saving project information...
7/29/2016 3:00:31 AM, Info: Saving project information...
7/29/2016 3:05:31 AM, Info: Saving project information...
7/29/2016 3:05:31 AM, Info: Saving project information...
7/29/2016 3:05:31 AM, Info: Saving project information...
7/29/2016 3:10:31 AM, Info: Saving project information...
7/29/2016 3:10:31 AM, Info: Saving project information...
7/29/2016 3:10:31 AM, Info: Saving project information...
7/29/2016 3:15:31 AM, Info: Saving project information...
7/29/2016 3:15:31 AM, Info: Saving project information...
7/29/2016 3:15:31 AM, Info: Saving project information...
7/29/2016 3:20:31 AM, Info: Saving project information...
7/29/2016 3:20:31 AM, Info: Saving project information...
7/29/2016 3:20:31 AM, Info: Saving project information...
7/29/2016 3:25:31 AM, Info: Saving project information...
7/29/2016 3:25:31 AM, Info: Saving project information...
7/29/2016 3:25:31 AM, Info: Saving project information...
7/29/2016 3:30:31 AM, Info: Saving project information...
7/29/2016 3:30:31 AM, Info: Saving project information...
7/29/2016 3:30:31 AM, Info: Saving project information...
7/29/2016 3:35:31 AM, Info: Saving project information...
7/29/2016 3:35:31 AM, Info: Saving project information...
7/29/2016 3:35:31 AM, Info: Saving project information...
7/29/2016 3:40:31 AM, Info: Saving project information...
7/29/2016 3:40:31 AM, Info: Saving project information...
7/29/2016 3:40:31 AM, Info: Saving project information...
7/29/2016 3:45:31 AM, Info: Saving project information...
7/29/2016 3:45:31 AM, Info: Saving project information...
7/29/2016 3:45:31 AM, Info: Saving project information...
7/29/2016 3:50:31 AM, Info: Saving project information...
7/29/2016 3:50:31 AM, Info: Saving project information...
7/29/2016 3:50:31 AM, Info: Saving project information...
7/29/2016 3:55:31 AM, Info: Saving project information...
7/29/2016 3:55:31 AM, Info: Saving project information...
7/29/2016 3:55:31 AM, Info: Saving project information...
7/29/2016 4:00:31 AM, Info: Saving project information...
7/29/2016 4:00:31 AM, Info: Saving project information...
7/29/2016 4:00:31 AM, Info: Saving project information...
7/29/2016 4:05:31 AM, Info: Saving project information...
7/29/2016 4:05:31 AM, Info: Saving project information...
7/29/2016 4:05:31 AM, Info: Saving project information...
7/29/2016 4:10:31 AM, Info: Saving project information...
7/29/2016 4:10:31 AM, Info: Saving project information...
7/29/2016 4:10:31 AM, Info: Saving project information...
7/29/2016 4:15:31 AM, Info: Saving project information...
7/29/2016 4:15:31 AM, Info: Saving project information...
7/29/2016 4:15:31 AM, Info: Saving project information...
7/29/2016 4:20:31 AM, Info: Saving project information...
7/29/2016 4:20:31 AM, Info: Saving project information...
7/29/2016 4:20:31 AM, Info: Saving project information...
7/29/2016 4:25:31 AM, Info: Saving project information...
7/29/2016 4:25:31 AM, Info: Saving project information...
7/29/2016 4:25:31 AM, Info: Saving project information...
7/29/2016 4:30:31 AM, Info: Saving project information...
7/29/2016 4:30:31 AM, Info: Saving project information...
7/29/2016 4:30:31 AM, Info: Saving project information...
7/29/2016 4:35:31 AM, Info: Saving project information...
7/29/2016 4:35:31 AM, Info: Saving project information...
7/29/2016 4:35:31 AM, Info: Saving project information...
7/29/2016 4:40:31 AM, Info: Saving project information...
7/29/2016 4:40:31 AM, Info: Saving project information...
7/29/2016 4:40:31 AM, Info: Saving project information...
7/29/2016 4:45:31 AM, Info: Saving project information...
7/29/2016 4:45:31 AM, Info: Saving project information...
7/29/2016 4:45:31 AM, Info: Saving project information...
7/29/2016 4:50:31 AM, Info: Saving project information...
7/29/2016 4:50:31 AM, Info: Saving project information...
7/29/2016 4:50:31 AM, Info: Saving project information...
7/29/2016 4:55:31 AM, Info: Saving project information...
7/29/2016 4:55:31 AM, Info: Saving project information...
7/29/2016 4:55:31 AM, Info: Saving project information...
7/29/2016 5:00:31 AM, Info: Saving project information...
7/29/2016 5:00:31 AM, Info: Saving project information...
7/29/2016 5:00:31 AM, Info: Saving project information...
7/29/2016 5:05:31 AM, Info: Saving project information...
7/29/2016 5:05:31 AM, Info: Saving project information...
7/29/2016 5:05:31 AM, Info: Saving project information...
7/29/2016 5:10:31 AM, Info: Saving project information...
7/29/2016 5:10:31 AM, Info: Saving project information...
7/29/2016 5:10:31 AM, Info: Saving project information...
7/29/2016 5:15:31 AM, Info: Saving project information...
7/29/2016 5:15:31 AM, Info: Saving project information...
7/29/2016 5:15:31 AM, Info: Saving project information...
7/29/2016 5:20:31 AM, Info: Saving project information...
7/29/2016 5:20:31 AM, Info: Saving project information...
7/29/2016 5:20:31 AM, Info: Saving project information...
7/29/2016 5:25:31 AM, Info: Saving project information...
7/29/2016 5:25:31 AM, Info: Saving project information...
7/29/2016 5:25:31 AM, Info: Saving project information...
7/29/2016 5:30:31 AM, Info: Saving project information...
7/29/2016 5:30:31 AM, Info: Saving project information...
7/29/2016 5:30:31 AM, Info: Saving project information...
7/29/2016 5:35:31 AM, Info: Saving project information...
7/29/2016 5:35:31 AM, Info: Saving project information...
7/29/2016 5:35:31 AM, Info: Saving project information...
7/29/2016 5:40:31 AM, Info: Saving project information...
7/29/2016 5:40:31 AM, Info: Saving project information...
7/29/2016 5:40:31 AM, Info: Saving project information...
7/29/2016 5:45:31 AM, Info: Saving project information...
7/29/2016 5:45:31 AM, Info: Saving project information...
7/29/2016 5:45:31 AM, Info: Saving project information...
7/29/2016 5:50:31 AM, Info: Saving project information...
7/29/2016 5:50:31 AM, Info: Saving project information...
7/29/2016 5:50:31 AM, Info: Saving project information...
7/29/2016 5:55:31 AM, Info: Saving project information...
7/29/2016 5:55:31 AM, Info: Saving project information...
7/29/2016 5:55:31 AM, Info: Saving project information...
7/29/2016 6:00:31 AM, Info: Saving project information...
7/29/2016 6:00:31 AM, Info: Saving project information...
7/29/2016 6:00:31 AM, Info: Saving project information...
7/29/2016 6:05:31 AM, Info: Saving project information...
7/29/2016 6:05:31 AM, Info: Saving project information...
7/29/2016 6:05:31 AM, Info: Saving project information...
7/29/2016 6:10:32 AM, Info: Saving project information...
7/29/2016 6:10:32 AM, Info: Saving project information...
7/29/2016 6:10:32 AM, Info: Saving project information...
7/29/2016 6:15:32 AM, Info: Saving project information...
7/29/2016 6:15:32 AM, Info: Saving project information...
7/29/2016 6:15:32 AM, Info: Saving project information...
7/29/2016 6:20:32 AM, Info: Saving project information...
7/29/2016 6:20:32 AM, Info: Saving project information...
7/29/2016 6:20:32 AM, Info: Saving project information...
7/29/2016 6:25:32 AM, Info: Saving project information...
7/29/2016 6:25:32 AM, Info: Saving project information...
7/29/2016 6:25:32 AM, Info: Saving project information...
7/29/2016 6:30:32 AM, Info: Saving project information...
7/29/2016 6:30:32 AM, Info: Saving project information...
7/29/2016 6:30:32 AM, Info: Saving project information...
7/29/2016 6:35:32 AM, Info: Saving project information...
7/29/2016 6:35:32 AM, Info: Saving project information...
7/29/2016 6:35:32 AM, Info: Saving project information...
7/29/2016 6:40:32 AM, Info: Saving project information...
7/29/2016 6:40:32 AM, Info: Saving project information...
7/29/2016 6:40:32 AM, Info: Saving project information...
7/29/2016 6:45:32 AM, Info: Saving project information...
7/29/2016 6:45:32 AM, Info: Saving project information...
7/29/2016 6:45:32 AM, Info: Saving project information...
7/29/2016 6:50:32 AM, Info: Saving project information...
7/29/2016 6:50:32 AM, Info: Saving project information...
7/29/2016 6:50:32 AM, Info: Saving project information...
7/29/2016 6:55:32 AM, Info: Saving project information...
7/29/2016 6:55:32 AM, Info: Saving project information...
7/29/2016 6:55:32 AM, Info: Saving project information...
7/29/2016 7:00:32 AM, Info: Saving project information...
7/29/2016 7:00:32 AM, Info: Saving project information...
7/29/2016 7:00:32 AM, Info: Saving project information...
7/29/2016 7:05:32 AM, Info: Saving project information...
7/29/2016 7:05:32 AM, Info: Saving project information...
7/29/2016 7:05:32 AM, Info: Saving project information...
7/29/2016 7:10:32 AM, Info: Saving project information...
7/29/2016 7:10:32 AM, Info: Saving project information...
7/29/2016 7:10:32 AM, Info: Saving project information...
7/29/2016 7:15:32 AM, Info: Saving project information...
7/29/2016 7:15:32 AM, Info: Saving project information...
7/29/2016 7:15:32 AM, Info: Saving project information...
7/29/2016 7:20:32 AM, Info: Saving project information...
7/29/2016 7:20:32 AM, Info: Saving project information...
7/29/2016 7:20:32 AM, Info: Saving project information...
7/29/2016 7:25:32 AM, Info: Saving project information...
7/29/2016 7:25:32 AM, Info: Saving project information...
7/29/2016 7:25:32 AM, Info: Saving project information...
7/29/2016 7:30:32 AM, Info: Saving project information...
7/29/2016 7:30:32 AM, Info: Saving project information...
7/29/2016 7:30:32 AM, Info: Saving project information...
7/29/2016 7:35:32 AM, Info: Saving project information...
7/29/2016 7:35:32 AM, Info: Saving project information...
7/29/2016 7:35:32 AM, Info: Saving project information...
7/29/2016 7:40:32 AM, Info: Saving project information...
7/29/2016 7:40:32 AM, Info: Saving project information...
7/29/2016 7:40:32 AM, Info: Saving project information...
7/29/2016 7:45:32 AM, Info: Saving project information...
7/29/2016 7:45:32 AM, Info: Saving project information...
7/29/2016 7:45:32 AM, Info: Saving project information...
7/29/2016 7:50:32 AM, Info: Saving project information...
7/29/2016 7:50:32 AM, Info: Saving project information...
7/29/2016 7:50:32 AM, Info: Saving project information...
7/29/2016 7:55:32 AM, Info: Saving project information...
7/29/2016 7:55:32 AM, Info: Saving project information...
7/29/2016 7:55:32 AM, Info: Saving project information...
7/29/2016 8:00:32 AM, Info: Saving project information...
7/29/2016 8:00:32 AM, Info: Saving project information...
7/29/2016 8:00:32 AM, Info: Saving project information...
7/29/2016 8:05:32 AM, Info: Saving project information...
7/29/2016 8:05:32 AM, Info: Saving project information...
7/29/2016 8:05:32 AM, Info: Saving project information...
7/29/2016 8:10:32 AM, Info: Saving project information...
7/29/2016 8:10:32 AM, Info: Saving project information...
7/29/2016 8:10:32 AM, Info: Saving project information...
7/29/2016 8:15:32 AM, Info: Saving project information...
7/29/2016 8:15:32 AM, Info: Saving project information...
7/29/2016 8:15:32 AM, Info: Saving project information...
7/29/2016 8:20:32 AM, Info: Saving project information...
7/29/2016 8:20:32 AM, Info: Saving project information...
7/29/2016 8:20:32 AM, Info: Saving project information...
7/29/2016 8:25:32 AM, Info: Saving project information...
7/29/2016 8:25:32 AM, Info: Saving project information...
7/29/2016 8:25:32 AM, Info: Saving project information...
7/29/2016 8:30:32 AM, Info: Saving project information...
7/29/2016 8:30:32 AM, Info: Saving project information...
7/29/2016 8:30:32 AM, Info: Saving project information...
7/29/2016 8:35:32 AM, Info: Saving project information...
7/29/2016 8:35:32 AM, Info: Saving project information...
7/29/2016 8:35:32 AM, Info: Saving project information...
7/29/2016 8:40:32 AM, Info: Saving project information...
7/29/2016 8:40:32 AM, Info: Saving project information...
7/29/2016 8:40:32 AM, Info: Saving project information...
7/29/2016 8:45:32 AM, Info: Saving project information...
7/29/2016 8:45:32 AM, Info: Saving project information...
7/29/2016 8:45:32 AM, Info: Saving project information...
7/29/2016 8:50:32 AM, Info: Saving project information...
7/29/2016 8:50:32 AM, Info: Saving project information...
7/29/2016 8:50:32 AM, Info: Saving project information...
7/29/2016 8:55:32 AM, Info: Saving project information...
7/29/2016 8:55:32 AM, Info: Saving project information...
7/29/2016 8:55:32 AM, Info: Saving project information...
7/29/2016 9:00:32 AM, Info: Saving project information...
7/29/2016 9:00:32 AM, Info: Saving project information...
7/29/2016 9:00:32 AM, Info: Saving project information...
7/29/2016 9:05:32 AM, Info: Saving project information...
7/29/2016 9:05:32 AM, Info: Saving project information...
7/29/2016 9:05:32 AM, Info: Saving project information...
7/29/2016 9:10:32 AM, Info: Saving project information...
7/29/2016 9:10:32 AM, Info: Saving project information...
7/29/2016 9:10:32 AM, Info: Saving project information...
7/29/2016 9:15:32 AM, Info: Saving project information...
7/29/2016 9:15:32 AM, Info: Saving project information...
7/29/2016 9:15:32 AM, Info: Saving project information...
7/29/2016 9:20:32 AM, Info: Saving project information...
7/29/2016 9:20:32 AM, Info: Saving project information...
7/29/2016 9:20:32 AM, Info: Saving project information...
7/29/2016 9:25:32 AM, Info: Saving project information...
7/29/2016 9:25:32 AM, Info: Saving project information...
7/29/2016 9:25:32 AM, Info: Saving project information...
7/29/2016 9:26:15 AM, Info: Saving project information...
7/29/2016 9:26:15 AM, Info: Saving project information...
7/29/2016 9:26:15 AM, Info: Saving project information...
7/29/2016 9:26:15 AM, Info: Saving project information...
7/29/2016 9:26:15 AM, Info: Saving project information...
7/29/2016 9:26:15 AM, Info: Saving project information...
7/29/2016 9:26:15 AM, Info: Terminating SIMPLSharp Services
