8/17/2016 10:19:12 AM, Info: Initializing SIMPLSharp Services...
8/17/2016 10:19:12 AM, Info: ProjectInfo successfully initialized.
8/17/2016 10:24:10 AM, Info: Saving project information...
8/17/2016 10:24:10 AM, Info: Saving project information...
8/17/2016 10:24:10 AM, Info: Saving project information...
8/17/2016 10:29:10 AM, Info: Saving project information...
8/17/2016 10:29:10 AM, Info: Saving project information...
8/17/2016 10:29:10 AM, Info: Saving project information...
8/17/2016 10:34:10 AM, Info: Saving project information...
8/17/2016 10:34:10 AM, Info: Saving project information...
8/17/2016 10:34:10 AM, Info: Saving project information...
8/17/2016 10:39:10 AM, Info: Saving project information...
8/17/2016 10:39:10 AM, Info: Saving project information...
8/17/2016 10:39:10 AM, Info: Saving project information...
8/17/2016 10:44:10 AM, Info: Saving project information...
8/17/2016 10:44:10 AM, Info: Saving project information...
8/17/2016 10:44:10 AM, Info: Saving project information...
8/17/2016 10:45:10 AM, Info: Saving project information...
8/17/2016 10:45:10 AM, Info: Saving project information...
8/17/2016 10:45:10 AM, Info: Saving project information...
8/17/2016 10:45:10 AM, Info: Saving project information...
8/17/2016 10:45:10 AM, Info: Saving project information...
8/17/2016 10:45:10 AM, Info: Saving project information...
8/17/2016 10:45:11 AM, Info: Validating assembly D:\CTI\2016 New Curriculum\SIMPL#-SIMPL#Pro\August32016\SimplSharpCertification\Example Code\SimplSharpDay2_SSHClientProcessorCode\SSHClientProcessorCode\bin\Debug\SSHClientProcessorCode.dll...
8/17/2016 10:45:11 AM, Info: Verifying assembly D:\CTI\2016 New Curriculum\SIMPL#-SIMPL#Pro\August32016\SimplSharpCertification\Example Code\SimplSharpDay2_SSHClientProcessorCode\SSHClientProcessorCode\bin\Debug\SSHClientProcessorCode.dll
8/17/2016 10:45:11 AM, Info: Creating Archive D:\CTI\2016 New Curriculum\SIMPL#-SIMPL#Pro\August32016\SimplSharpCertification\Example Code\SimplSharpDay2_SSHClientProcessorCode\SSHClientProcessorCode\bin\Debug\SSHClientProcessorCode.cpz...
8/17/2016 10:45:12 AM, Info: Saving project information...
8/17/2016 11:55:43 AM, Info: Terminating SIMPLSharp Services
